<?xml version="1.0" encoding="UTF-8"?>
<testsuite xmlns:xsi="http://www.w3.org/2001/XMLSchema-instance" xsi:noNamespaceSchemaLocation="https://maven.apache.org/surefire/maven-surefire-plugin/xsd/surefire-test-report.xsd" name="runner.TestRunner" time="1.128" tests="18" errors="0" skipped="18" failures="0">
  <properties>
[...]
</properties>
  <testcase name="Validate urbanleader email is working" classname="feature to test email functionality" time="0">
    <skipped message="The step &quot;brower is open&quot; is undefined. You can implement it using the snippet(s) below:&#10;&#10;@Given(&quot;brower is open&quot;)&#10;public void brower_is_open() {&#10;    // Write code here that turns the phrase above into concrete actions&#10;    throw new io.cucumber.java.PendingException();&#10;}&#10;&#10;&#10;Some other steps were also undefined:&#10;&#10;@Given(&quot;user is on urban leather homepage&quot;)&#10;public void user_is_on_urban_leather_homepage() {&#10;    // Write code here that turns the phrase above into concrete actions&#10;    throw new io.cucumber.java.PendingException();&#10;}&#10;@When(&quot;user enter the jio1234@gmail.com in email box&quot;)&#10;public void user_enter_the_jio1234_gmail_com_in_email_box() {&#10;    // Write code here that turns the phrase above into concrete actions&#10;    throw new io.cucumber.java.PendingException();&#10;}&#10;@When(&quot;hits subscribe button&quot;)&#10;public void hits_subscribe_button() {&#10;    // Write code here that turns the phrase above into concrete actions&#10;    throw new io.cucumber.java.PendingException();&#10;}&#10;@Then(&quot;its show sucessful&quot;)&#10;public void its_show_sucessful() {&#10;    // Write code here that turns the phrase above into concrete actions&#10;    throw new io.cucumber.java.PendingException();&#10;}&#10;"/>
    <system-err><![CDATA[May 17, 2022 3:47:45 AM io.cucumber.junit.Cucumber <init>
WARNING: By default Cucumber is running in --non-strict mode.
This default will change to --strict and --non-strict will be removed.
You can use --strict or @CucumberOptions(strict = true) to suppress this warning
]]></system-err>
  </testcase>
  <testcase name="Validate urbanleader email is working" classname="feature to test email functionality" time="0">
    <skipped message="The step &quot;brower is open&quot; is undefined. You can implement it using the snippet(s) below:&#10;&#10;@Given(&quot;brower is open&quot;)&#10;public void brower_is_open() {&#10;    // Write code here that turns the phrase above into concrete actions&#10;    throw new io.cucumber.java.PendingException();&#10;}&#10;&#10;&#10;Some other steps were also undefined:&#10;&#10;@Given(&quot;user is on urban leather homepage&quot;)&#10;public void user_is_on_urban_leather_homepage() {&#10;    // Write code here that turns the phrase above into concrete actions&#10;    throw new io.cucumber.java.PendingException();&#10;}&#10;@When(&quot;user enter the ram4534@gmail.com in email box&quot;)&#10;public void user_enter_the_ram4534_gmail_com_in_email_box() {&#10;    // Write code here that turns the phrase above into concrete actions&#10;    throw new io.cucumber.java.PendingException();&#10;}&#10;@When(&quot;hits subscribe button&quot;)&#10;public void hits_subscribe_button() {&#10;    // Write code here that turns the phrase above into concrete actions&#10;    throw new io.cucumber.java.PendingException();&#10;}&#10;@Then(&quot;its show sucessful&quot;)&#10;public void its_show_sucessful() {&#10;    // Write code here that turns the phrase above into concrete actions&#10;    throw new io.cucumber.java.PendingException();&#10;}&#10;"/>
  </testcase>
  <testcase name="Validate urbanleader email is working" classname="feature to test email functionality" time="0">
    <skipped message="The step &quot;brower is open&quot; is undefined. You can implement it using the snippet(s) below:&#10;&#10;@Given(&quot;brower is open&quot;)&#10;public void brower_is_open() {&#10;    // Write code here that turns the phrase above into concrete actions&#10;    throw new io.cucumber.java.PendingException();&#10;}&#10;&#10;&#10;Some other steps were also undefined:&#10;&#10;@Given(&quot;user is on urban leather homepage&quot;)&#10;public void user_is_on_urban_leather_homepage() {&#10;    // Write code here that turns the phrase above into concrete actions&#10;    throw new io.cucumber.java.PendingException();&#10;}&#10;@When(&quot;user enter the amitdas@gmail.com in email box&quot;)&#10;public void user_enter_the_amitdas_gmail_com_in_email_box() {&#10;    // Write code here that turns the phrase above into concrete actions&#10;    throw new io.cucumber.java.PendingException();&#10;}&#10;@When(&quot;hits subscribe button&quot;)&#10;public void hits_subscribe_button() {&#10;    // Write code here that turns the phrase above into concrete actions&#10;    throw new io.cucumber.java.PendingException();&#10;}&#10;@Then(&quot;its show sucessful&quot;)&#10;public void its_show_sucessful() {&#10;    // Write code here that turns the phrase above into concrete actions&#10;    throw new io.cucumber.java.PendingException();&#10;}&#10;"/>
  </testcase>
  <testcase name="Validate urbanleader email is working" classname="feature to test email functionality" time="0">
    <skipped message="The step &quot;brower is open&quot; is undefined. You can implement it using the snippet(s) below:&#10;&#10;@Given(&quot;brower is open&quot;)&#10;public void brower_is_open() {&#10;    // Write code here that turns the phrase above into concrete actions&#10;    throw new io.cucumber.java.PendingException();&#10;}&#10;&#10;&#10;Some other steps were also undefined:&#10;&#10;@Given(&quot;user is on urban leather homepage&quot;)&#10;public void user_is_on_urban_leather_homepage() {&#10;    // Write code here that turns the phrase above into concrete actions&#10;    throw new io.cucumber.java.PendingException();&#10;}&#10;@When(&quot;user enter the skrohit@ in email box&quot;)&#10;public void user_enter_the_skrohit_in_email_box() {&#10;    // Write code here that turns the phrase above into concrete actions&#10;    throw new io.cucumber.java.PendingException();&#10;}&#10;@When(&quot;hits subscribe button&quot;)&#10;public void hits_subscribe_button() {&#10;    // Write code here that turns the phrase above into concrete actions&#10;    throw new io.cucumber.java.PendingException();&#10;}&#10;@Then(&quot;its show sucessful&quot;)&#10;public void its_show_sucessful() {&#10;    // Write code here that turns the phrase above into concrete actions&#10;    throw new io.cucumber.java.PendingException();&#10;}&#10;"/>
  </testcase>
  <testcase name="Validate urbanleader email is working" classname="feature to test email functionality" time="0">
    <skipped message="The step &quot;brower is open&quot; is undefined. You can implement it using the snippet(s) below:&#10;&#10;@Given(&quot;brower is open&quot;)&#10;public void brower_is_open() {&#10;    // Write code here that turns the phrase above into concrete actions&#10;    throw new io.cucumber.java.PendingException();&#10;}&#10;&#10;&#10;Some other steps were also undefined:&#10;&#10;@Given(&quot;user is on urban leather homepage&quot;)&#10;public void user_is_on_urban_leather_homepage() {&#10;    // Write code here that turns the phrase above into concrete actions&#10;    throw new io.cucumber.java.PendingException();&#10;}&#10;@When(&quot;user enter the tuhin123@gmail.com in email box&quot;)&#10;public void user_enter_the_tuhin123_gmail_com_in_email_box() {&#10;    // Write code here that turns the phrase above into concrete actions&#10;    throw new io.cucumber.java.PendingException();&#10;}&#10;@When(&quot;hits subscribe button&quot;)&#10;public void hits_subscribe_button() {&#10;    // Write code here that turns the phrase above into concrete actions&#10;    throw new io.cucumber.java.PendingException();&#10;}&#10;@Then(&quot;its show sucessful&quot;)&#10;public void its_show_sucessful() {&#10;    // Write code here that turns the phrase above into concrete actions&#10;    throw new io.cucumber.java.PendingException();&#10;}&#10;"/>
  </testcase>
  <testcase name="Validate urbanleader email is working" classname="feature to test email functionality" time="0">
    <skipped message="The step &quot;brower is open&quot; is undefined. You can implement it using the snippet(s) below:&#10;&#10;@Given(&quot;brower is open&quot;)&#10;public void brower_is_open() {&#10;    // Write code here that turns the phrase above into concrete actions&#10;    throw new io.cucumber.java.PendingException();&#10;}&#10;&#10;&#10;Some other steps were also undefined:&#10;&#10;@Given(&quot;user is on urban leather homepage&quot;)&#10;public void user_is_on_urban_leather_homepage() {&#10;    // Write code here that turns the phrase above into concrete actions&#10;    throw new io.cucumber.java.PendingException();&#10;}&#10;@When(&quot;user enter the jack908@gmail.com in email box&quot;)&#10;public void user_enter_the_jack908_gmail_com_in_email_box() {&#10;    // Write code here that turns the phrase above into concrete actions&#10;    throw new io.cucumber.java.PendingException();&#10;}&#10;@When(&quot;hits subscribe button&quot;)&#10;public void hits_subscribe_button() {&#10;    // Write code here that turns the phrase above into concrete actions&#10;    throw new io.cucumber.java.PendingException();&#10;}&#10;@Then(&quot;its show sucessful&quot;)&#10;public void its_show_sucessful() {&#10;    // Write code here that turns the phrase above into concrete actions&#10;    throw new io.cucumber.java.PendingException();&#10;}&#10;"/>
  </testcase>
  <testcase name="Validate urbanleader email is working" classname="feature to test email functionality" time="0">
    <skipped message="The step &quot;brower is open&quot; is undefined. You can implement it using the snippet(s) below:&#10;&#10;@Given(&quot;brower is open&quot;)&#10;public void brower_is_open() {&#10;    // Write code here that turns the phrase above into concrete actions&#10;    throw new io.cucumber.java.PendingException();&#10;}&#10;&#10;&#10;Some other steps were also undefined:&#10;&#10;@Given(&quot;user is on urban leather homepage&quot;)&#10;public void user_is_on_urban_leather_homepage() {&#10;    // Write code here that turns the phrase above into concrete actions&#10;    throw new io.cucumber.java.PendingException();&#10;}&#10;@When(&quot;user enter the Ali123@gmail.com in email box&quot;)&#10;public void user_enter_the_Ali123_gmail_com_in_email_box() {&#10;    // Write code here that turns the phrase above into concrete actions&#10;    throw new io.cucumber.java.PendingException();&#10;}&#10;@When(&quot;hits subscribe button&quot;)&#10;public void hits_subscribe_button() {&#10;    // Write code here that turns the phrase above into concrete actions&#10;    throw new io.cucumber.java.PendingException();&#10;}&#10;@Then(&quot;its show sucessful&quot;)&#10;public void its_show_sucessful() {&#10;    // Write code here that turns the phrase above into concrete actions&#10;    throw new io.cucumber.java.PendingException();&#10;}&#10;"/>
  </testcase>
  <testcase name="Validate urbanleader contact is working" classname="feature to test contact functionality" time="0">
    <skipped message="The step &quot;brower is open&quot; is undefined. You can implement it using the snippet(s) below:&#10;&#10;@Given(&quot;brower is open&quot;)&#10;public void brower_is_open() {&#10;    // Write code here that turns the phrase above into concrete actions&#10;    throw new io.cucumber.java.PendingException();&#10;}&#10;&#10;&#10;Some other steps were also undefined:&#10;&#10;@Given(&quot;user is on urban leather homepage&quot;)&#10;public void user_is_on_urban_leather_homepage() {&#10;    // Write code here that turns the phrase above into concrete actions&#10;    throw new io.cucumber.java.PendingException();&#10;}&#10;@Then(&quot;click on contactpage&quot;)&#10;public void click_on_contactpage() {&#10;    // Write code here that turns the phrase above into concrete actions&#10;    throw new io.cucumber.java.PendingException();&#10;}&#10;@Then(&quot;verify the Title And take Screenshot&quot;)&#10;public void verify_the_Title_And_take_Screenshot() {&#10;    // Write code here that turns the phrase above into concrete actions&#10;    throw new io.cucumber.java.PendingException();&#10;}&#10;"/>
  </testcase>
  <testcase name="Validate urbanleader search is working" classname="feature to test search functionality" time="0">
    <skipped message="The step &quot;brower is open&quot; is undefined. You can implement it using the snippet(s) below:&#10;&#10;@Given(&quot;brower is open&quot;)&#10;public void brower_is_open() {&#10;    // Write code here that turns the phrase above into concrete actions&#10;    throw new io.cucumber.java.PendingException();&#10;}&#10;&#10;&#10;Some other steps were also undefined:&#10;&#10;@Given(&quot;user is on urban leather homepage&quot;)&#10;public void user_is_on_urban_leather_homepage() {&#10;    // Write code here that turns the phrase above into concrete actions&#10;    throw new io.cucumber.java.PendingException();&#10;}&#10;@When(&quot;user enter the chair in search box&quot;)&#10;public void user_enter_the_chair_in_search_box() {&#10;    // Write code here that turns the phrase above into concrete actions&#10;    throw new io.cucumber.java.PendingException();&#10;}&#10;@When(&quot;hits search button&quot;)&#10;public void hits_search_button() {&#10;    // Write code here that turns the phrase above into concrete actions&#10;    throw new io.cucumber.java.PendingException();&#10;}&#10;@Then(&quot;user is navigated to search results&quot;)&#10;public void user_is_navigated_to_search_results() {&#10;    // Write code here that turns the phrase above into concrete actions&#10;    throw new io.cucumber.java.PendingException();&#10;}&#10;"/>
  </testcase>
  <testcase name="Validate urbanleader search is working" classname="feature to test search functionality" time="0">
    <skipped message="The step &quot;brower is open&quot; is undefined. You can implement it using the snippet(s) below:&#10;&#10;@Given(&quot;brower is open&quot;)&#10;public void brower_is_open() {&#10;    // Write code here that turns the phrase above into concrete actions&#10;    throw new io.cucumber.java.PendingException();&#10;}&#10;&#10;&#10;Some other steps were also undefined:&#10;&#10;@Given(&quot;user is on urban leather homepage&quot;)&#10;public void user_is_on_urban_leather_homepage() {&#10;    // Write code here that turns the phrase above into concrete actions&#10;    throw new io.cucumber.java.PendingException();&#10;}&#10;@When(&quot;user enter the table in search box&quot;)&#10;public void user_enter_the_table_in_search_box() {&#10;    // Write code here that turns the phrase above into concrete actions&#10;    throw new io.cucumber.java.PendingException();&#10;}&#10;@When(&quot;hits search button&quot;)&#10;public void hits_search_button() {&#10;    // Write code here that turns the phrase above into concrete actions&#10;    throw new io.cucumber.java.PendingException();&#10;}&#10;@Then(&quot;user is navigated to search results&quot;)&#10;public void user_is_navigated_to_search_results() {&#10;    // Write code here that turns the phrase above into concrete actions&#10;    throw new io.cucumber.java.PendingException();&#10;}&#10;"/>
  </testcase>
  <testcase name="Validate urbanleader search is working" classname="feature to test search functionality" time="0">
    <skipped message="The step &quot;brower is open&quot; is undefined. You can implement it using the snippet(s) below:&#10;&#10;@Given(&quot;brower is open&quot;)&#10;public void brower_is_open() {&#10;    // Write code here that turns the phrase above into concrete actions&#10;    throw new io.cucumber.java.PendingException();&#10;}&#10;&#10;&#10;Some other steps were also undefined:&#10;&#10;@Given(&quot;user is on urban leather homepage&quot;)&#10;public void user_is_on_urban_leather_homepage() {&#10;    // Write code here that turns the phrase above into concrete actions&#10;    throw new io.cucumber.java.PendingException();&#10;}&#10;@When(&quot;user enter the study table in search box&quot;)&#10;public void user_enter_the_study_table_in_search_box() {&#10;    // Write code here that turns the phrase above into concrete actions&#10;    throw new io.cucumber.java.PendingException();&#10;}&#10;@When(&quot;hits search button&quot;)&#10;public void hits_search_button() {&#10;    // Write code here that turns the phrase above into concrete actions&#10;    throw new io.cucumber.java.PendingException();&#10;}&#10;@Then(&quot;user is navigated to search results&quot;)&#10;public void user_is_navigated_to_search_results() {&#10;    // Write code here that turns the phrase above into concrete actions&#10;    throw new io.cucumber.java.PendingException();&#10;}&#10;"/>
  </testcase>
  <testcase name="Validate urbanleader search is working" classname="feature to test search functionality" time="0">
    <skipped message="The step &quot;brower is open&quot; is undefined. You can implement it using the snippet(s) below:&#10;&#10;@Given(&quot;brower is open&quot;)&#10;public void brower_is_open() {&#10;    // Write code here that turns the phrase above into concrete actions&#10;    throw new io.cucumber.java.PendingException();&#10;}&#10;&#10;&#10;Some other steps were also undefined:&#10;&#10;@Given(&quot;user is on urban leather homepage&quot;)&#10;public void user_is_on_urban_leather_homepage() {&#10;    // Write code here that turns the phrase above into concrete actions&#10;    throw new io.cucumber.java.PendingException();&#10;}&#10;@When(&quot;user enter the office chair in search box&quot;)&#10;public void user_enter_the_office_chair_in_search_box() {&#10;    // Write code here that turns the phrase above into concrete actions&#10;    throw new io.cucumber.java.PendingException();&#10;}&#10;@When(&quot;hits search button&quot;)&#10;public void hits_search_button() {&#10;    // Write code here that turns the phrase above into concrete actions&#10;    throw new io.cucumber.java.PendingException();&#10;}&#10;@Then(&quot;user is navigated to search results&quot;)&#10;public void user_is_navigated_to_search_results() {&#10;    // Write code here that turns the phrase above into concrete actions&#10;    throw new io.cucumber.java.PendingException();&#10;}&#10;"/>
  </testcase>
  <testcase name="Validate urbanleader search is working" classname="feature to test search functionality" time="0">
    <skipped message="The step &quot;brower is open&quot; is undefined. You can implement it using the snippet(s) below:&#10;&#10;@Given(&quot;brower is open&quot;)&#10;public void brower_is_open() {&#10;    // Write code here that turns the phrase above into concrete actions&#10;    throw new io.cucumber.java.PendingException();&#10;}&#10;&#10;&#10;Some other steps were also undefined:&#10;&#10;@Given(&quot;user is on urban leather homepage&quot;)&#10;public void user_is_on_urban_leather_homepage() {&#10;    // Write code here that turns the phrase above into concrete actions&#10;    throw new io.cucumber.java.PendingException();&#10;}&#10;@When(&quot;user enter the sofa chair in search box&quot;)&#10;public void user_enter_the_sofa_chair_in_search_box() {&#10;    // Write code here that turns the phrase above into concrete actions&#10;    throw new io.cucumber.java.PendingException();&#10;}&#10;@When(&quot;hits search button&quot;)&#10;public void hits_search_button() {&#10;    // Write code here that turns the phrase above into concrete actions&#10;    throw new io.cucumber.java.PendingException();&#10;}&#10;@Then(&quot;user is navigated to search results&quot;)&#10;public void user_is_navigated_to_search_results() {&#10;    // Write code here that turns the phrase above into concrete actions&#10;    throw new io.cucumber.java.PendingException();&#10;}&#10;"/>
  </testcase>
  <testcase name="Validate urbanleader search is working" classname="feature to test search functionality" time="0">
    <skipped message="The step &quot;brower is open&quot; is undefined. You can implement it using the snippet(s) below:&#10;&#10;@Given(&quot;brower is open&quot;)&#10;public void brower_is_open() {&#10;    // Write code here that turns the phrase above into concrete actions&#10;    throw new io.cucumber.java.PendingException();&#10;}&#10;&#10;&#10;Some other steps were also undefined:&#10;&#10;@Given(&quot;user is on urban leather homepage&quot;)&#10;public void user_is_on_urban_leather_homepage() {&#10;    // Write code here that turns the phrase above into concrete actions&#10;    throw new io.cucumber.java.PendingException();&#10;}&#10;@When(&quot;user enter the coffee table in search box&quot;)&#10;public void user_enter_the_coffee_table_in_search_box() {&#10;    // Write code here that turns the phrase above into concrete actions&#10;    throw new io.cucumber.java.PendingException();&#10;}&#10;@When(&quot;hits search button&quot;)&#10;public void hits_search_button() {&#10;    // Write code here that turns the phrase above into concrete actions&#10;    throw new io.cucumber.java.PendingException();&#10;}&#10;@Then(&quot;user is navigated to search results&quot;)&#10;public void user_is_navigated_to_search_results() {&#10;    // Write code here that turns the phrase above into concrete actions&#10;    throw new io.cucumber.java.PendingException();&#10;}&#10;"/>
  </testcase>
  <testcase name="Validate urbanleader search is working" classname="feature to test search functionality" time="0">
    <skipped message="The step &quot;brower is open&quot; is undefined. You can implement it using the snippet(s) below:&#10;&#10;@Given(&quot;brower is open&quot;)&#10;public void brower_is_open() {&#10;    // Write code here that turns the phrase above into concrete actions&#10;    throw new io.cucumber.java.PendingException();&#10;}&#10;&#10;&#10;Some other steps were also undefined:&#10;&#10;@Given(&quot;user is on urban leather homepage&quot;)&#10;public void user_is_on_urban_leather_homepage() {&#10;    // Write code here that turns the phrase above into concrete actions&#10;    throw new io.cucumber.java.PendingException();&#10;}&#10;@When(&quot;user enter the table wood in search box&quot;)&#10;public void user_enter_the_table_wood_in_search_box() {&#10;    // Write code here that turns the phrase above into concrete actions&#10;    throw new io.cucumber.java.PendingException();&#10;}&#10;@When(&quot;hits search button&quot;)&#10;public void hits_search_button() {&#10;    // Write code here that turns the phrase above into concrete actions&#10;    throw new io.cucumber.java.PendingException();&#10;}&#10;@Then(&quot;user is navigated to search results&quot;)&#10;public void user_is_navigated_to_search_results() {&#10;    // Write code here that turns the phrase above into concrete actions&#10;    throw new io.cucumber.java.PendingException();&#10;}&#10;"/>
  </testcase>
  <testcase name="Validate urbanleader search is working" classname="feature to test search functionality" time="0">
    <skipped message="The step &quot;brower is open&quot; is undefined. You can implement it using the snippet(s) below:&#10;&#10;@Given(&quot;brower is open&quot;)&#10;public void brower_is_open() {&#10;    // Write code here that turns the phrase above into concrete actions&#10;    throw new io.cucumber.java.PendingException();&#10;}&#10;&#10;&#10;Some other steps were also undefined:&#10;&#10;@Given(&quot;user is on urban leather homepage&quot;)&#10;public void user_is_on_urban_leather_homepage() {&#10;    // Write code here that turns the phrase above into concrete actions&#10;    throw new io.cucumber.java.PendingException();&#10;}&#10;@When(&quot;user enter the table woodbase in search box&quot;)&#10;public void user_enter_the_table_woodbase_in_search_box() {&#10;    // Write code here that turns the phrase above into concrete actions&#10;    throw new io.cucumber.java.PendingException();&#10;}&#10;@When(&quot;hits search button&quot;)&#10;public void hits_search_button() {&#10;    // Write code here that turns the phrase above into concrete actions&#10;    throw new io.cucumber.java.PendingException();&#10;}&#10;@Then(&quot;user is navigated to search results&quot;)&#10;public void user_is_navigated_to_search_results() {&#10;    // Write code here that turns the phrase above into concrete actions&#10;    throw new io.cucumber.java.PendingException();&#10;}&#10;"/>
  </testcase>
  <testcase name="Validate urbanleader search is working" classname="feature to test search functionality" time="0">
    <skipped message="The step &quot;brower is open&quot; is undefined. You can implement it using the snippet(s) below:&#10;&#10;@Given(&quot;brower is open&quot;)&#10;public void brower_is_open() {&#10;    // Write code here that turns the phrase above into concrete actions&#10;    throw new io.cucumber.java.PendingException();&#10;}&#10;&#10;&#10;Some other steps were also undefined:&#10;&#10;@Given(&quot;user is on urban leather homepage&quot;)&#10;public void user_is_on_urban_leather_homepage() {&#10;    // Write code here that turns the phrase above into concrete actions&#10;    throw new io.cucumber.java.PendingException();&#10;}&#10;@When(&quot;user enter the tableware in search box&quot;)&#10;public void user_enter_the_tableware_in_search_box() {&#10;    // Write code here that turns the phrase above into concrete actions&#10;    throw new io.cucumber.java.PendingException();&#10;}&#10;@When(&quot;hits search button&quot;)&#10;public void hits_search_button() {&#10;    // Write code here that turns the phrase above into concrete actions&#10;    throw new io.cucumber.java.PendingException();&#10;}&#10;@Then(&quot;user is navigated to search results&quot;)&#10;public void user_is_navigated_to_search_results() {&#10;    // Write code here that turns the phrase above into concrete actions&#10;    throw new io.cucumber.java.PendingException();&#10;}&#10;"/>
  </testcase>
  <testcase name="Validate urbanleader search is working" classname="feature to test search functionality" time="0">
    <skipped message="The step &quot;brower is open&quot; is undefined. You can implement it using the snippet(s) below:&#10;&#10;@Given(&quot;brower is open&quot;)&#10;public void brower_is_open() {&#10;    // Write code here that turns the phrase above into concrete actions&#10;    throw new io.cucumber.java.PendingException();&#10;}&#10;&#10;&#10;Some other steps were also undefined:&#10;&#10;@Given(&quot;user is on urban leather homepage&quot;)&#10;public void user_is_on_urban_leather_homepage() {&#10;    // Write code here that turns the phrase above into concrete actions&#10;    throw new io.cucumber.java.PendingException();&#10;}&#10;@When(&quot;user enter the bedroom in search box&quot;)&#10;public void user_enter_the_bedroom_in_search_box() {&#10;    // Write code here that turns the phrase above into concrete actions&#10;    throw new io.cucumber.java.PendingException();&#10;}&#10;@When(&quot;hits search button&quot;)&#10;public void hits_search_button() {&#10;    // Write code here that turns the phrase above into concrete actions&#10;    throw new io.cucumber.java.PendingException();&#10;}&#10;@Then(&quot;user is navigated to search results&quot;)&#10;public void user_is_navigated_to_search_results() {&#10;    // Write code here that turns the phrase above into concrete actions&#10;    throw new io.cucumber.java.PendingException();&#10;}&#10;"/>
  </testcase>
</testsuite>